<?xml version="1.0" encoding="UTF-8"?>
<!-- Generated by org.testng.reporters.JUnitXMLReporter -->
<testsuite hostname="DESKTOP-R1G3KS9" ignored="0" name="Surefire test" tests="6" failures="0" timestamp="2021-11-06T14:54:01 EDT" time="0.05" errors="0">
  <testcase name="BrowserAutomation" time="0.003" classname="Mavenjava.APITest"/>
  <testcase name="ElementAutomation" time="0.0" classname="Mavenjava.APITest"/>
  <testcase name="BrowseAutomation" time="0.0" classname="Mavenjava.AppiumTest"/>
  <testcase name="ElemenAutomation" time="0.0" classname="Mavenjava.AppiumTest"/>
  <testcase name="BrowsersAutomation" time="0.0" classname="Mavenjava.SeleniumTest"/>
  <testcase name="ElementsAutomation" time="0.0" classname="Mavenjava.SeleniumTest"/>
</testsuite> <!-- Surefire test -->
