<?xml version="1.0" encoding="UTF-8"?>
<!-- Generated by org.testng.reporters.JUnitXMLReporter -->
<testsuite hostname="DESKTOP-R1G3KS9" ignored="0" name="Test" tests="6" failures="0" timestamp="2021-11-08T11:10:24 EST" time="8.494" errors="0">
  <testcase name="BrowseAutomation" time="0.008" classname="Mavenjava.AppiumTest"/>
  <testcase name="ElemenAutomation" time="0.0" classname="Mavenjava.AppiumTest"/>
  <testcase name="BrowserAutomation" time="0.0" classname="Mavenjava.APITest"/>
  <testcase name="ElementAutomation" time="0.0" classname="Mavenjava.APITest"/>
  <testcase name="ElementsAutomation" time="4.926" classname="Mavenjava.SeleniumTest"/>
  <testcase name="getWebsite" time="3.487" classname="Mavenjava.SeleniumTest"/>
</testsuite> <!-- Test -->
